2020-10-27 21:24:15 [scrapy.utils.log] INFO: Scrapy 1.8.0 started (bot: cake)
2020-10-27 21:24:15 [scrapy.utils.log] INFO: Versions: lxml 4.4.2.0, libxml2 2.9.9, cssselect 1.1.0, parsel 1.5.2, w3lib 1.21.0, Twisted 19.10.0, Python 3.6.9 (default, Jul 17 2020, 12:50:27) - [GCC 8.4.0], pyOpenSSL 19.1.0 (OpenSSL 1.1.1d  10 Sep 2019), cryptography 2.8, Platform Linux-5.0.0-32-generic-x86_64-with-Ubuntu-18.04-bionic
2020-10-27 21:24:15 [scrapy.crawler] INFO: Overridden settings: {'BOT_NAME': 'cake', 'LOG_FILE': 'logs/cake/album/b57d7e2e185711ebb2d6982cbc1e1207.log', 'NEWSPIDER_MODULE': 'cake.spiders', 'ROBOTSTXT_OBEY': True, 'SPIDER_MODULES': ['cake.spiders']}
2020-10-27 21:24:15 [scrapy.extensions.telnet] INFO: Telnet Password: 80b2433cf0839afc
2020-10-27 21:24:15 [scrapy.middleware] INFO: Enabled extensions:
['scrapy.extensions.corestats.CoreStats',
 'scrapy.extensions.telnet.TelnetConsole',
 'scrapy.extensions.memusage.MemoryUsage',
 'scrapy.extensions.logstats.LogStats']
2020-10-27 21:24:15 [scrapy.middleware] INFO: Enabled downloader middlewares:
['scrapy.downloadermiddlewares.robotstxt.RobotsTxtMiddleware',
 'scrapy.downloadermiddlewares.httpauth.HttpAuthMiddleware',
 'scrapy.downloadermiddlewares.downloadtimeout.DownloadTimeoutMiddleware',
 'scrapy.downloadermiddlewares.defaultheaders.DefaultHeadersMiddleware',
 'cake.middlewares.CakeUserAgentMiddleware',
 'scrapy.downloadermiddlewares.retry.RetryMiddleware',
 'scrapy.downloadermiddlewares.redirect.MetaRefreshMiddleware',
 'scrapy.downloadermiddlewares.httpcompression.HttpCompressionMiddleware',
 'scrapy.downloadermiddlewares.redirect.RedirectMiddleware',
 'scrapy.downloadermiddlewares.cookies.CookiesMiddleware',
 'scrapy.downloadermiddlewares.httpproxy.HttpProxyMiddleware',
 'scrapy.downloadermiddlewares.stats.DownloaderStats']
2020-10-27 21:24:15 [scrapy.middleware] INFO: Enabled spider middlewares:
['scrapy.spidermiddlewares.httperror.HttpErrorMiddleware',
 'scrapy.spidermiddlewares.offsite.OffsiteMiddleware',
 'scrapy.spidermiddlewares.referer.RefererMiddleware',
 'scrapy.spidermiddlewares.urllength.UrlLengthMiddleware',
 'scrapy.spidermiddlewares.depth.DepthMiddleware']
2020-10-27 21:24:15 [scrapy.middleware] INFO: Enabled item pipelines:
['cake.pipelines.CakePipeline']
2020-10-27 21:24:15 [scrapy.core.engine] INFO: Spider opened
2020-10-27 21:24:15 [scrapy.extensions.logstats] INFO: Crawled 0 pages (at 0 pages/min), scraped 0 items (at 0 items/min)
2020-10-27 21:24:15 [scrapy.extensions.telnet] INFO: Telnet console listening on 127.0.0.1:6023
2020-10-27 21:24:20 [scrapy.downloadermiddlewares.retry] DEBUG: Retrying <GET https://www.nvshens.org/robots.txt> (failed 1 times): [<twisted.python.failure.Failure twisted.internet.error.ConnectionLost: Connection to the other side was lost in a non-clean fashion: Connection lost.>]
2020-10-27 21:24:21 [scrapy.core.engine] DEBUG: Crawled (400) <GET https://www.nvshens.org/robots.txt> (referer: http://ris.szpl.gov.cn/bol/projectdetail.aspx)
2020-10-27 21:24:21 [protego] DEBUG: Rule at line 1 without any user agent to enforce it on.
2020-10-27 21:24:21 [scrapy.core.engine] DEBUG: Crawled (400) <GET https://www.nvshens.org/girl/20468/album/> (referer: http://ris.szpl.gov.cn/bol/projectdetail.aspx)
2020-10-27 21:24:21 [scrapy.spidermiddlewares.httperror] INFO: Ignoring response <400 https://www.nvshens.org/girl/20468/album/>: HTTP status code is not handled or not allowed
2020-10-27 21:24:21 [scrapy.core.engine] INFO: Closing spider (finished)
2020-10-27 21:24:21 [scrapy.statscollectors] INFO: Dumping Scrapy stats:
{'downloader/exception_count': 1,
 'downloader/exception_type_count/twisted.web._newclient.ResponseNeverReceived': 1,
 'downloader/request_bytes': 1600,
 'downloader/request_count': 3,
 'downloader/request_method_count/GET': 3,
 'downloader/response_bytes': 946,
 'downloader/response_count': 2,
 'downloader/response_status_count/400': 2,
 'elapsed_time_seconds': 5.994533,
 'finish_reason': 'finished',
 'finish_time': datetime.datetime(2020, 10, 27, 13, 24, 21, 672501),
 'httperror/response_ignored_count': 1,
 'httperror/response_ignored_status_count/400': 1,
 'log_count/DEBUG': 4,
 'log_count/INFO': 11,
 'memusage/max': 60542976,
 'memusage/startup': 60542976,
 'response_received_count': 2,
 'retry/count': 1,
 'retry/reason_count/twisted.web._newclient.ResponseNeverReceived': 1,
 'robotstxt/request_count': 1,
 'robotstxt/response_count': 1,
 'robotstxt/response_status_count/400': 1,
 'scheduler/dequeued': 1,
 'scheduler/dequeued/memory': 1,
 'scheduler/enqueued': 1,
 'scheduler/enqueued/memory': 1,
 'start_time': datetime.datetime(2020, 10, 27, 13, 24, 15, 677968)}
2020-10-27 21:24:21 [scrapy.core.engine] INFO: Spider closed (finished)
